Using pre-set license
Built from '2022.3/staging' branch; Version is '2022.3.3f1 (7cdc2969a641) revision 8182825'; Using compiler version '192829333'; Build Type 'Release'
OS: 'Windows 10  (10.0.19045) 64bit Core' Language: 'zh' Physical Memory: 8042 MB
BatchMode: 1, IsHumanControllingUs: 0, StartBugReporterOnCrash: 0, Is64bit: 1, IsPro: 1

COMMAND LINE ARGUMENTS:
D:\Program Files\Unity\Hub\Editor\2022.3.3f1\Editor\Unity.exe
-adb2
-batchMode
-noUpm
-name
AssetImportWorker2
-projectPath
D:/Program Files/UnityProject/ShaderTestHDRP
-logFile
Logs/AssetImportWorker2.log
-srvPort
4533
Successfully changed project path to: D:/Program Files/UnityProject/ShaderTestHDRP
D:/Program Files/UnityProject/ShaderTestHDRP
[UnityMemory] Configuration Parameters - Can be set up in boot.config
    "memorysetup-bucket-allocator-granularity=16"
    "memorysetup-bucket-allocator-bucket-count=8"
    "memorysetup-bucket-allocator-block-size=33554432"
    "memorysetup-bucket-allocator-block-count=8"
    "memorysetup-main-allocator-block-size=16777216"
    "memorysetup-thread-allocator-block-size=16777216"
    "memorysetup-gfx-main-allocator-block-size=16777216"
    "memorysetup-gfx-thread-allocator-block-size=16777216"
    "memorysetup-cache-allocator-block-size=4194304"
    "memorysetup-typetree-allocator-block-size=2097152"
    "memorysetup-profiler-bucket-allocator-granularity=16"
    "memorysetup-profiler-bucket-allocator-bucket-count=8"
    "memorysetup-profiler-bucket-allocator-block-size=33554432"
    "memorysetup-profiler-bucket-allocator-block-count=8"
    "memorysetup-profiler-allocator-block-size=16777216"
    "memorysetup-profiler-editor-allocator-block-size=1048576"
    "memorysetup-temp-allocator-size-main=16777216"
    "memorysetup-job-temp-allocator-block-size=2097152"
    "memorysetup-job-temp-allocator-block-size-background=1048576"
    "memorysetup-job-temp-allocator-reduction-small-platforms=262144"
    "memorysetup-allocator-temp-initial-block-size-main=262144"
    "memorysetup-allocator-temp-initial-block-size-worker=262144"
    "memorysetup-temp-allocator-size-background-worker=32768"
    "memorysetup-temp-allocator-size-job-worker=262144"
    "memorysetup-temp-allocator-size-preload-manager=33554432"
    "memorysetup-temp-allocator-size-nav-mesh-worker=65536"
    "memorysetup-temp-allocator-size-audio-worker=65536"
    "memorysetup-temp-allocator-size-cloud-worker=32768"
    "memorysetup-temp-allocator-size-gi-baking-worker=262144"
    "memorysetup-temp-allocator-size-gfx=262144"
Player connection [2028] Host "[IP] 25.37.101.204 [Port] 0 [Flags] 2 [Guid] 4219525449 [EditorId] 4219525449 [Version] 1048832 [Id] WindowsEditor(7,DESKTOP-2TAFFRJ) [Debug] 1 [PackageName] WindowsEditor [ProjectName] Editor" joined multi-casting on [225.0.0.222:54997]...

Player connection [2028] Host "[IP] 25.37.101.204 [Port] 0 [Flags] 2 [Guid] 4219525449 [EditorId] 4219525449 [Version] 1048832 [Id] WindowsEditor(7,DESKTOP-2TAFFRJ) [Debug] 1 [PackageName] WindowsEditor [ProjectName] Editor" joined alternative multi-casting on [225.0.0.222:34997]...

Refreshing native plugins compatible for Editor in 89.95 ms, found 3 plugins.
Preloading 0 native plugins for Editor in 0.00 ms.
Initialize engine version: 2022.3.3f1 (7cdc2969a641)
[Subsystems] Discovering subsystems at path D:/Program Files/Unity/Hub/Editor/2022.3.3f1/Editor/Data/Resources/UnitySubsystems
[Subsystems] Discovering subsystems at path D:/Program Files/UnityProject/ShaderTestHDRP/Assets
GfxDevice: creating device client; threaded=0; jobified=0
Direct3D:
    Version:  Direct3D 11.0 [level 11.1]
    Renderer: NVIDIA GeForce MX250 (ID=0x1d52)
    Vendor:   NVIDIA
    VRAM:     1968 MB
    Driver:   32.0.15.5612
Initialize mono
Mono path[0] = 'D:/Program Files/Unity/Hub/Editor/2022.3.3f1/Editor/Data/Managed'
Mono path[1] = 'D:/Program Files/Unity/Hub/Editor/2022.3.3f1/Editor/Data/MonoBleedingEdge/lib/mono/unityjit-win32'
Mono config path = 'D:/Program Files/Unity/Hub/Editor/2022.3.3f1/Editor/Data/MonoBleedingEdge/etc'
Using monoOptions --debugger-agent=transport=dt_socket,embedding=1,server=y,suspend=n,address=127.0.0.1:56628
Begin MonoManager ReloadAssembly
Registering precompiled unity dll's ...
Register platform support module: D:/Program Files/Unity/Hub/Editor/2022.3.3f1/Editor/Data/PlaybackEngines/AndroidPlayer/UnityEditor.Android.Extensions.dll
Register platform support module: D:/Program Files/Unity/Hub/Editor/2022.3.3f1/Editor/Data/PlaybackEngines/WindowsStandaloneSupport/UnityEditor.WindowsStandalone.Extensions.dll
Registered in 0.025362 seconds.
- Loaded All Assemblies, in  1.286 seconds
Native extension for WindowsStandalone target not found
Native extension for Android target not found
Android Extension - Scanning For ADB Devices 1061 ms
Mono: successfully reloaded assembly
- Finished resetting the current domain, in  2.137 seconds
Domain Reload Profiling: 3423ms
	BeginReloadAssembly (383ms)
		ExecutionOrderSort (0ms)
		DisableScriptedObjects (0ms)
		BackupInstance (0ms)
		ReleaseScriptingObjects (0ms)
		CreateAndSetChildDomain (5ms)
	RebuildCommonClasses (135ms)
	RebuildNativeTypeToScriptingClass (42ms)
	initialDomainReloadingComplete (183ms)
	LoadAllAssembliesAndSetupDomain (540ms)
		LoadAssemblies (376ms)
		RebuildTransferFunctionScriptingTraits (0ms)
		AnalyzeDomain (526ms)
			TypeCache.Refresh (523ms)
				TypeCache.ScanAssembly (460ms)
			ScanForSourceGeneratedMonoScriptInfo (1ms)
			ResolveRequiredComponents (2ms)
	FinalizeReload (2139ms)
		ReleaseScriptCaches (0ms)
		RebuildScriptCaches (0ms)
		SetupLoadedEditorAssemblies (1841ms)
			LogAssemblyErrors (0ms)
			InitializePlatformSupportModulesInManaged (1403ms)
			SetLoadedEditorAssemblies (11ms)
			RefreshPlugins (0ms)
			BeforeProcessingInitializeOnLoad (11ms)
			ProcessInitializeOnLoadAttributes (286ms)
			ProcessInitializeOnLoadMethodAttributes (130ms)
			AfterProcessingInitializeOnLoad (0ms)
			EditorAssembliesLoaded (0ms)
		ExecutionOrderSort2 (0ms)
		AwakeInstancesAfterBackupRestoration (0ms)
========================================================================
Worker process is ready to serve import requests
Begin MonoManager ReloadAssembly
Symbol file LoadedFromMemory doesn't match image D:\Program Files\UnityProject\ShaderTestHDRP\Library\PackageCache\com.unity.visualscripting@1.8.0\Editor\VisualScripting.Core\Dependencies\YamlDotNet\Unity.VisualScripting.YamlDotNet.dll
Symbol file LoadedFromMemory doesn't match image D:\Program Files\UnityProject\ShaderTestHDRP\Library\PackageCache\com.unity.visualscripting@1.8.0\Editor\VisualScripting.Core\Dependencies\DotNetZip\Unity.VisualScripting.IonicZip.dll
- Loaded All Assemblies, in  4.159 seconds
Refreshing native plugins compatible for Editor in 11.69 ms, found 3 plugins.
Native extension for WindowsStandalone target not found
Native extension for Android target not found
Package Manager log level set to [2]
[Package Manager] Server::EnsureServerProcessIsRunning -- launch failed, reason: Unity was launched with the -noUpm command-line argument
[Package Manager] UpmClient::Send -- Unable to send message (not connected to UPM process).
[Package Manager] Cannot connect to Unity Package Manager local server
Mono: successfully reloaded assembly
- Finished resetting the current domain, in  4.437 seconds
Domain Reload Profiling: 8635ms
	BeginReloadAssembly (531ms)
		ExecutionOrderSort (0ms)
		DisableScriptedObjects (19ms)
		BackupInstance (0ms)
		ReleaseScriptingObjects (0ms)
		CreateAndSetChildDomain (81ms)
	RebuildCommonClasses (130ms)
	RebuildNativeTypeToScriptingClass (43ms)
	initialDomainReloadingComplete (135ms)
	LoadAllAssembliesAndSetupDomain (3357ms)
		LoadAssemblies (1746ms)
		RebuildTransferFunctionScriptingTraits (0ms)
		AnalyzeDomain (1851ms)
			TypeCache.Refresh (1746ms)
				TypeCache.ScanAssembly (1545ms)
			ScanForSourceGeneratedMonoScriptInfo (69ms)
			ResolveRequiredComponents (36ms)
	FinalizeReload (4439ms)
		ReleaseScriptCaches (0ms)
		RebuildScriptCaches (0ms)
		SetupLoadedEditorAssemblies (2846ms)
			LogAssemblyErrors (0ms)
			InitializePlatformSupportModulesInManaged (93ms)
			SetLoadedEditorAssemblies (17ms)
			RefreshPlugins (0ms)
			BeforeProcessingInitializeOnLoad (515ms)
			ProcessInitializeOnLoadAttributes (1346ms)
			ProcessInitializeOnLoadMethodAttributes (863ms)
			AfterProcessingInitializeOnLoad (11ms)
			EditorAssembliesLoaded (1ms)
		ExecutionOrderSort2 (0ms)
		AwakeInstancesAfterBackupRestoration (23ms)
Launched and connected shader compiler UnityShaderCompiler.exe after 0.15 seconds
Refreshing native plugins compatible for Editor in 27.52 ms, found 3 plugins.
Preloading 0 native plugins for Editor in 0.00 ms.
Unloading 6195 Unused Serialized files (Serialized files now loaded: 0)
Unloading 98 unused Assets / (3.6 MB). Loaded Objects now: 6668.
Memory consumption went from 286.9 MB to 283.4 MB.
Total: 52.029400 ms (FindLiveObjects: 10.498300 ms CreateObjectMapping: 4.275100 ms MarkObjects: 21.609800 ms  DeleteObjects: 15.643700 ms)

AssetImportParameters requested are different than current active one (requested -> active):
  custom:container-demuxer-ogg: 62fdf1f143b41e24485cea50d1cbac27 -> 
  custom:video-codec-MediaFoundation-h265: e54d7ab0439102e2317fc1e4b246158d -> 
  custom:video-decoder-ogg-theora: a1e56fd34408186e4bbccfd4996cb3dc -> 
  custom:framework-win-MediaFoundation: 216162199b28c13a410421893ffa2e32 -> 
  custom:container-demuxer-webm: 4f35f7cbe854078d1ac9338744f61a02 -> 
  custom:container-muxer-webm: aa71ff27fc2769a1b78a27578f13a17b -> 
  custom:video-decoder-webm-vp8: 9c59270c3fd7afecdb556c50c9e8de78 -> 
  custom:AudioImporter_EditorPlatform: d09bf68614088b80899f8185d706f6e7 -> 
  custom:video-encoder-webm-vp8: eb34c28f22e8b96e1ab97ce403110664 -> 
  custom:audio-decoder-ogg-vorbis: bf7c407c2cedff20999df2af8eb42d56 -> 
  custom:audio-encoder-webm-vorbis: bf7c407c2cedff20999df2af8eb42d56 -> 
========================================================================
Received Prepare
Refreshing native plugins compatible for Editor in 11.80 ms, found 3 plugins.
Preloading 0 native plugins for Editor in 0.00 ms.
Unloading 22 Unused Serialized files (Serialized files now loaded: 0)
Unloading 22 unused Assets / (3.5 MB). Loaded Objects now: 6668.
Memory consumption went from 153.3 MB to 149.7 MB.
Total: 13.409400 ms (FindLiveObjects: 1.139900 ms CreateObjectMapping: 1.194100 ms MarkObjects: 9.742900 ms  DeleteObjects: 1.330100 ms)

Prepare: number of updated asset objects reloaded= 1
AssetImportParameters requested are different than current active one (requested -> active):
  custom:container-demuxer-ogg: 62fdf1f143b41e24485cea50d1cbac27 -> 
  custom:video-codec-MediaFoundation-h265: e54d7ab0439102e2317fc1e4b246158d -> 
  custom:video-decoder-ogg-theora: a1e56fd34408186e4bbccfd4996cb3dc -> 
  custom:framework-win-MediaFoundation: 216162199b28c13a410421893ffa2e32 -> 
  custom:container-demuxer-webm: 4f35f7cbe854078d1ac9338744f61a02 -> 
  custom:container-muxer-webm: aa71ff27fc2769a1b78a27578f13a17b -> 
  custom:video-decoder-webm-vp8: 9c59270c3fd7afecdb556c50c9e8de78 -> 
  custom:SearchIndexIgnoredProperties: e643bd26f0fe6173181afceb89e7c659 -> 
  custom:AudioImporter_EditorPlatform: d09bf68614088b80899f8185d706f6e7 -> 
  custom:video-encoder-webm-vp8: eb34c28f22e8b96e1ab97ce403110664 -> 
  custom:audio-decoder-ogg-vorbis: bf7c407c2cedff20999df2af8eb42d56 -> 
  custom:audio-encoder-webm-vorbis: bf7c407c2cedff20999df2af8eb42d56 -> 
========================================================================
Received Import Request.
  Time since last request: 5602.106325 seconds.
  path: Assets/VFXShaderGraph/MagicLibrary.vfx
  artifactKey: Guid(27e3b5cfb3cde03419f7695e6c3fe136) Importer(2089858483,0ecaa5967403d082aa24f35e1b516d23)
Start importing Assets/VFXShaderGraph/MagicLibrary.vfx using Guid(27e3b5cfb3cde03419f7695e6c3fe136) Importer(2089858483,0ecaa5967403d082aa24f35e1b516d23) Generated GUIDs only implemented for interfaces!
 -> (artifact id: '26508cac7515a6f3e28dcfa586aedae4') in 0.921998 seconds
Number of updated asset objects reloaded before import = 0
Number of asset objects unloaded after import = 4
========================================================================
Received Import Request.
  Time since last request: 4.964063 seconds.
  path: Assets/VFXShaderGraph/MagicLibrary.vfx
  artifactKey: Guid(27e3b5cfb3cde03419f7695e6c3fe136) Importer(815301076,1909f56bfc062723c751e8b465ee728b)
Start importing Assets/VFXShaderGraph/MagicLibrary.vfx using Guid(27e3b5cfb3cde03419f7695e6c3fe136) Importer(815301076,1909f56bfc062723c751e8b465ee728b)  -> (artifact id: '792b6c09acbe26f7acc52b870c770f7e') in 0.028082 seconds
Number of updated asset objects reloaded before import = 0
Number of asset objects unloaded after import = 4
========================================================================
Received Import Request.
  Time since last request: 1.244781 seconds.
  path: Assets/VFXShaderGraph/MagicLibrary.vfx
  artifactKey: Guid(27e3b5cfb3cde03419f7695e6c3fe136) Importer(815301076,1909f56bfc062723c751e8b465ee728b)
Start importing Assets/VFXShaderGraph/MagicLibrary.vfx using Guid(27e3b5cfb3cde03419f7695e6c3fe136) Importer(815301076,1909f56bfc062723c751e8b465ee728b)  -> (artifact id: '88eb824547724fc5cb50631bbbd966f4') in 0.004543 seconds
Number of updated asset objects reloaded before import = 1
Number of asset objects unloaded after import = 4
========================================================================
Received Import Request.
  Time since last request: 38.117859 seconds.
  path: Assets/Books/3dobjects_FBX/books.fbx
  artifactKey: Guid(08e091500e68ded43b4abfb1b3f718d0) Importer(815301076,1909f56bfc062723c751e8b465ee728b)
Start importing Assets/Books/3dobjects_FBX/books.fbx using Guid(08e091500e68ded43b4abfb1b3f718d0) Importer(815301076,1909f56bfc062723c751e8b465ee728b)  -> (artifact id: '80c2ed88a5ffa775eeacfde376eca5b5') in 0.011477 seconds
Number of updated asset objects reloaded before import = 0
Number of asset objects unloaded after import = 25
========================================================================
Received Import Request.
  Time since last request: 0.860405 seconds.
  path: Assets/Books/3dobjects_FBX/books.fbx
  artifactKey: Guid(08e091500e68ded43b4abfb1b3f718d0) Importer(2089858483,0ecaa5967403d082aa24f35e1b516d23)
Start importing Assets/Books/3dobjects_FBX/books.fbx using Guid(08e091500e68ded43b4abfb1b3f718d0) Importer(2089858483,0ecaa5967403d082aa24f35e1b516d23) Generated GUIDs only implemented for interfaces!
 -> (artifact id: '00fa5ae1cc4da35ab71c217b6da45929') in 0.126807 seconds
Number of updated asset objects reloaded before import = 0
Number of asset objects unloaded after import = 26
========================================================================
Received Import Request.
  Time since last request: 15.444509 seconds.
  path: Assets/Books/3dobjects_FBX/books.fbx
  artifactKey: Guid(08e091500e68ded43b4abfb1b3f718d0) Importer(815301076,1909f56bfc062723c751e8b465ee728b)
Start importing Assets/Books/3dobjects_FBX/books.fbx using Guid(08e091500e68ded43b4abfb1b3f718d0) Importer(815301076,1909f56bfc062723c751e8b465ee728b)  -> (artifact id: '0694ef91013e2704655b0f9c68e989e7') in 0.005961 seconds
Number of updated asset objects reloaded before import = 0
Number of asset objects unloaded after import = 25
========================================================================
Received Import Request.
  Time since last request: 0.857849 seconds.
  path: Assets/Books/3dobjects_FBX/books.fbx
  artifactKey: Guid(08e091500e68ded43b4abfb1b3f718d0) Importer(2089858483,0ecaa5967403d082aa24f35e1b516d23)
Start importing Assets/Books/3dobjects_FBX/books.fbx using Guid(08e091500e68ded43b4abfb1b3f718d0) Importer(2089858483,0ecaa5967403d082aa24f35e1b516d23) Generated GUIDs only implemented for interfaces!
 -> (artifact id: '93c2c446f37ea9f5f35ff1a8f4f56e94') in 0.043000 seconds
Number of updated asset objects reloaded before import = 0
Number of asset objects unloaded after import = 26
========================================================================
Received Import Request.
  Time since last request: 28.531210 seconds.
  path: Assets/VFXShaderGraph/MagicLibrary.vfx
  artifactKey: Guid(27e3b5cfb3cde03419f7695e6c3fe136) Importer(815301076,1909f56bfc062723c751e8b465ee728b)
Start importing Assets/VFXShaderGraph/MagicLibrary.vfx using Guid(27e3b5cfb3cde03419f7695e6c3fe136) Importer(815301076,1909f56bfc062723c751e8b465ee728b)  -> (artifact id: '952dbcd98fafd6801c0badecebc976cc') in 0.002566 seconds
Number of updated asset objects reloaded before import = 1
Number of asset objects unloaded after import = 4
========================================================================
Received Import Request.
  Time since last request: 35.643481 seconds.
  path: Assets/VFXShaderGraph/MagicLibrary.vfx
  artifactKey: Guid(27e3b5cfb3cde03419f7695e6c3fe136) Importer(815301076,1909f56bfc062723c751e8b465ee728b)
Start importing Assets/VFXShaderGraph/MagicLibrary.vfx using Guid(27e3b5cfb3cde03419f7695e6c3fe136) Importer(815301076,1909f56bfc062723c751e8b465ee728b)  -> (artifact id: '88118a0461b589fa89022afd2b3445bf') in 0.003659 seconds
Number of updated asset objects reloaded before import = 1
Number of asset objects unloaded after import = 4
========================================================================
Received Import Request.
  Time since last request: 2.688381 seconds.
  path: Assets/VFXShaderGraph/MagicLibrary.vfx
  artifactKey: Guid(27e3b5cfb3cde03419f7695e6c3fe136) Importer(815301076,1909f56bfc062723c751e8b465ee728b)
Start importing Assets/VFXShaderGraph/MagicLibrary.vfx using Guid(27e3b5cfb3cde03419f7695e6c3fe136) Importer(815301076,1909f56bfc062723c751e8b465ee728b)  -> (artifact id: '7d5e74d215bf710ed8571c466b7b1279') in 0.003055 seconds
Number of updated asset objects reloaded before import = 1
Number of asset objects unloaded after import = 4
========================================================================
Received Import Request.
  Time since last request: 5.412728 seconds.
  path: Assets/VFXShaderGraph/MagicLibrary.vfx
  artifactKey: Guid(27e3b5cfb3cde03419f7695e6c3fe136) Importer(815301076,1909f56bfc062723c751e8b465ee728b)
Start importing Assets/VFXShaderGraph/MagicLibrary.vfx using Guid(27e3b5cfb3cde03419f7695e6c3fe136) Importer(815301076,1909f56bfc062723c751e8b465ee728b)  -> (artifact id: '76f0137ad4a74b2d591cd3d1ab81e6df') in 0.001596 seconds
Number of updated asset objects reloaded before import = 1
Number of asset objects unloaded after import = 4
========================================================================
Received Import Request.
  Time since last request: 10.362683 seconds.
  path: Assets/VFXShaderGraph/MagicLibrary.vfx
  artifactKey: Guid(27e3b5cfb3cde03419f7695e6c3fe136) Importer(815301076,1909f56bfc062723c751e8b465ee728b)
Start importing Assets/VFXShaderGraph/MagicLibrary.vfx using Guid(27e3b5cfb3cde03419f7695e6c3fe136) Importer(815301076,1909f56bfc062723c751e8b465ee728b)  -> (artifact id: 'faf06073e78f6f2493379f0f5fdd1607') in 0.001982 seconds
Number of updated asset objects reloaded before import = 1
Number of asset objects unloaded after import = 4
========================================================================
Received Import Request.
  Time since last request: 55.764535 seconds.
  path: Assets/VFXShaderGraph/MagicLibrary.vfx
  artifactKey: Guid(27e3b5cfb3cde03419f7695e6c3fe136) Importer(2089858483,0ecaa5967403d082aa24f35e1b516d23)
Start importing Assets/VFXShaderGraph/MagicLibrary.vfx using Guid(27e3b5cfb3cde03419f7695e6c3fe136) Importer(2089858483,0ecaa5967403d082aa24f35e1b516d23) Generated GUIDs only implemented for interfaces!
 -> (artifact id: '7e8f16218fdb5c246a5247ac63526765') in 0.058980 seconds
Number of updated asset objects reloaded before import = 1
Number of asset objects unloaded after import = 4
========================================================================
Received Import Request.
  Time since last request: 12.796416 seconds.
  path: Assets/VFXShaderGraph/MagicLibrary.vfx
  artifactKey: Guid(27e3b5cfb3cde03419f7695e6c3fe136) Importer(815301076,1909f56bfc062723c751e8b465ee728b)
Start importing Assets/VFXShaderGraph/MagicLibrary.vfx using Guid(27e3b5cfb3cde03419f7695e6c3fe136) Importer(815301076,1909f56bfc062723c751e8b465ee728b)  -> (artifact id: 'b5c6d626c6d1102b600a2a6f68e162c8') in 0.002649 seconds
Number of updated asset objects reloaded before import = 0
Number of asset objects unloaded after import = 4
========================================================================
Received Import Request.
  Time since last request: 8.911499 seconds.
  path: Assets/VFXShaderGraph/MagicLibrary.vfx
  artifactKey: Guid(27e3b5cfb3cde03419f7695e6c3fe136) Importer(815301076,1909f56bfc062723c751e8b465ee728b)
Start importing Assets/VFXShaderGraph/MagicLibrary.vfx using Guid(27e3b5cfb3cde03419f7695e6c3fe136) Importer(815301076,1909f56bfc062723c751e8b465ee728b)  -> (artifact id: '792acb8174559c3e6bb68ae1106c3f79') in 0.004229 seconds
Number of updated asset objects reloaded before import = 1
Number of asset objects unloaded after import = 4
========================================================================
Received Import Request.
  Time since last request: 0.284772 seconds.
  path: Assets/VFXShaderGraph/MagicLibrary.vfx
  artifactKey: Guid(27e3b5cfb3cde03419f7695e6c3fe136) Importer(2089858483,0ecaa5967403d082aa24f35e1b516d23)
Start importing Assets/VFXShaderGraph/MagicLibrary.vfx using Guid(27e3b5cfb3cde03419f7695e6c3fe136) Importer(2089858483,0ecaa5967403d082aa24f35e1b516d23) Generated GUIDs only implemented for interfaces!
 -> (artifact id: 'c7581d402c286958c8afb9a0fce6689f') in 0.049669 seconds
Number of updated asset objects reloaded before import = 0
Number of asset objects unloaded after import = 4
========================================================================
Received Import Request.
  Time since last request: 518.036401 seconds.
  path: Assets/VFXShaderGraph/MagicLibrary.vfx
  artifactKey: Guid(27e3b5cfb3cde03419f7695e6c3fe136) Importer(815301076,1909f56bfc062723c751e8b465ee728b)
Start importing Assets/VFXShaderGraph/MagicLibrary.vfx using Guid(27e3b5cfb3cde03419f7695e6c3fe136) Importer(815301076,1909f56bfc062723c751e8b465ee728b)  -> (artifact id: '9b3f41c6e6e53b12614e6b53eae8e370') in 0.002717 seconds
Number of updated asset objects reloaded before import = 1
Number of asset objects unloaded after import = 4
========================================================================
Received Import Request.
  Time since last request: 0.666192 seconds.
  path: Assets/VFXShaderGraph/MagicLibrary.vfx
  artifactKey: Guid(27e3b5cfb3cde03419f7695e6c3fe136) Importer(2089858483,0ecaa5967403d082aa24f35e1b516d23)
Start importing Assets/VFXShaderGraph/MagicLibrary.vfx using Guid(27e3b5cfb3cde03419f7695e6c3fe136) Importer(2089858483,0ecaa5967403d082aa24f35e1b516d23) Generated GUIDs only implemented for interfaces!
 -> (artifact id: 'd02c14564856eea78ba952afd17434b0') in 0.035320 seconds
Number of updated asset objects reloaded before import = 0
Number of asset objects unloaded after import = 4
========================================================================
Received Import Request.
  Time since last request: 3.733135 seconds.
  path: Assets/VFXShaderGraph/MagicLibrary.vfx
  artifactKey: Guid(27e3b5cfb3cde03419f7695e6c3fe136) Importer(815301076,1909f56bfc062723c751e8b465ee728b)
Start importing Assets/VFXShaderGraph/MagicLibrary.vfx using Guid(27e3b5cfb3cde03419f7695e6c3fe136) Importer(815301076,1909f56bfc062723c751e8b465ee728b)  -> (artifact id: '4afec276aac21eaf65fcf627d37aba3d') in 0.003324 seconds
Number of updated asset objects reloaded before import = 1
Number of asset objects unloaded after import = 4
