Using pre-set license
Built from '2022.3/staging' branch; Version is '2022.3.3f1 (7cdc2969a641) revision 8182825'; Using compiler version '192829333'; Build Type 'Release'
OS: 'Windows 10  (10.0.19045) 64bit Professional' Language: 'zh' Physical Memory: 32606 MB
BatchMode: 1, IsHumanControllingUs: 0, StartBugReporterOnCrash: 0, Is64bit: 1, IsPro: 1

COMMAND LINE ARGUMENTS:
C:\Program Files\Unity\Hub\Editor\2022.3.3f1\Editor\Unity.exe
-adb2
-batchMode
-noUpm
-name
AssetImportWorker1
-projectPath
D:/UnityProject/ShaderTestHDRP
-logFile
Logs/AssetImportWorker1.log
-srvPort
49432
Successfully changed project path to: D:/UnityProject/ShaderTestHDRP
D:/UnityProject/ShaderTestHDRP
[UnityMemory] Configuration Parameters - Can be set up in boot.config
    "memorysetup-bucket-allocator-granularity=16"
    "memorysetup-bucket-allocator-bucket-count=8"
    "memorysetup-bucket-allocator-block-size=33554432"
    "memorysetup-bucket-allocator-block-count=8"
    "memorysetup-main-allocator-block-size=16777216"
    "memorysetup-thread-allocator-block-size=16777216"
    "memorysetup-gfx-main-allocator-block-size=16777216"
    "memorysetup-gfx-thread-allocator-block-size=16777216"
    "memorysetup-cache-allocator-block-size=4194304"
    "memorysetup-typetree-allocator-block-size=2097152"
    "memorysetup-profiler-bucket-allocator-granularity=16"
    "memorysetup-profiler-bucket-allocator-bucket-count=8"
    "memorysetup-profiler-bucket-allocator-block-size=33554432"
    "memorysetup-profiler-bucket-allocator-block-count=8"
    "memorysetup-profiler-allocator-block-size=16777216"
    "memorysetup-profiler-editor-allocator-block-size=1048576"
    "memorysetup-temp-allocator-size-main=16777216"
    "memorysetup-job-temp-allocator-block-size=2097152"
    "memorysetup-job-temp-allocator-block-size-background=1048576"
    "memorysetup-job-temp-allocator-reduction-small-platforms=262144"
    "memorysetup-allocator-temp-initial-block-size-main=262144"
    "memorysetup-allocator-temp-initial-block-size-worker=262144"
    "memorysetup-temp-allocator-size-background-worker=32768"
    "memorysetup-temp-allocator-size-job-worker=262144"
    "memorysetup-temp-allocator-size-preload-manager=33554432"
    "memorysetup-temp-allocator-size-nav-mesh-worker=65536"
    "memorysetup-temp-allocator-size-audio-worker=65536"
    "memorysetup-temp-allocator-size-cloud-worker=32768"
    "memorysetup-temp-allocator-size-gi-baking-worker=262144"
    "memorysetup-temp-allocator-size-gfx=262144"
Player connection [2256] Host "[IP] 192.168.0.148 [Port] 0 [Flags] 2 [Guid] 1636230343 [EditorId] 1636230343 [Version] 1048832 [Id] WindowsEditor(7,DESKTOP-KDB4562) [Debug] 1 [PackageName] WindowsEditor [ProjectName] Editor" joined multi-casting on [225.0.0.222:54997]...

Player connection [2256] Host "[IP] 192.168.0.148 [Port] 0 [Flags] 2 [Guid] 1636230343 [EditorId] 1636230343 [Version] 1048832 [Id] WindowsEditor(7,DESKTOP-KDB4562) [Debug] 1 [PackageName] WindowsEditor [ProjectName] Editor" joined alternative multi-casting on [225.0.0.222:34997]...

Refreshing native plugins compatible for Editor in 8.56 ms, found 3 plugins.
Preloading 0 native plugins for Editor in 0.00 ms.
Initialize engine version: 2022.3.3f1 (7cdc2969a641)
[Subsystems] Discovering subsystems at path C:/Program Files/Unity/Hub/Editor/2022.3.3f1/Editor/Data/Resources/UnitySubsystems
[Subsystems] Discovering subsystems at path D:/UnityProject/ShaderTestHDRP/Assets
GfxDevice: creating device client; threaded=0; jobified=0
Direct3D:
    Version:  Direct3D 11.0 [level 11.1]
    Renderer: NVIDIA GeForce RTX 3060 (ID=0x2544)
    Vendor:   NVIDIA
    VRAM:     8049 MB
    Driver:   31.0.15.3623
Initialize mono
Mono path[0] = 'C:/Program Files/Unity/Hub/Editor/2022.3.3f1/Editor/Data/Managed'
Mono path[1] = 'C:/Program Files/Unity/Hub/Editor/2022.3.3f1/Editor/Data/MonoBleedingEdge/lib/mono/unityjit-win32'
Mono config path = 'C:/Program Files/Unity/Hub/Editor/2022.3.3f1/Editor/Data/MonoBleedingEdge/etc'
Using monoOptions --debugger-agent=transport=dt_socket,embedding=1,server=y,suspend=n,address=127.0.0.1:56568
Begin MonoManager ReloadAssembly
Registering precompiled unity dll's ...
Register platform support module: C:/Program Files/Unity/Hub/Editor/2022.3.3f1/Editor/Data/PlaybackEngines/WebGLSupport/UnityEditor.WebGL.Extensions.dll
Register platform support module: C:/Program Files/Unity/Hub/Editor/2022.3.3f1/Editor/Data/PlaybackEngines/AndroidPlayer/UnityEditor.Android.Extensions.dll
Register platform support module: C:/Program Files/Unity/Hub/Editor/2022.3.3f1/Editor/Data/PlaybackEngines/iOSSupport/UnityEditor.iOS.Extensions.dll
Register platform support module: C:/Program Files/Unity/Hub/Editor/2022.3.3f1/Editor/Data/PlaybackEngines/WindowsStandaloneSupport/UnityEditor.WindowsStandalone.Extensions.dll
Registered in 0.017418 seconds.
- Loaded All Assemblies, in  0.416 seconds
Native extension for WindowsStandalone target not found
[usbmuxd] Start listen thread
[usbmuxd] Listen thread started
Native extension for iOS target not found
Native extension for Android target not found
Android Extension - Scanning For ADB Devices 291 ms
Native extension for WebGL target not found
Mono: successfully reloaded assembly
- Finished resetting the current domain, in  0.684 seconds
Domain Reload Profiling: 1098ms
	BeginReloadAssembly (104ms)
		ExecutionOrderSort (0ms)
		DisableScriptedObjects (0ms)
		BackupInstance (0ms)
		ReleaseScriptingObjects (0ms)
		CreateAndSetChildDomain (1ms)
	RebuildCommonClasses (38ms)
	RebuildNativeTypeToScriptingClass (13ms)
	initialDomainReloadingComplete (82ms)
	LoadAllAssembliesAndSetupDomain (177ms)
		LoadAssemblies (102ms)
		RebuildTransferFunctionScriptingTraits (0ms)
		AnalyzeDomain (168ms)
			TypeCache.Refresh (167ms)
				TypeCache.ScanAssembly (155ms)
			ScanForSourceGeneratedMonoScriptInfo (0ms)
			ResolveRequiredComponents (1ms)
	FinalizeReload (684ms)
		ReleaseScriptCaches (0ms)
		RebuildScriptCaches (0ms)
		SetupLoadedEditorAssemblies (612ms)
			LogAssemblyErrors (0ms)
			InitializePlatformSupportModulesInManaged (434ms)
			SetLoadedEditorAssemblies (4ms)
			RefreshPlugins (0ms)
			BeforeProcessingInitializeOnLoad (3ms)
			ProcessInitializeOnLoadAttributes (117ms)
			ProcessInitializeOnLoadMethodAttributes (54ms)
			AfterProcessingInitializeOnLoad (0ms)
			EditorAssembliesLoaded (0ms)
		ExecutionOrderSort2 (0ms)
		AwakeInstancesAfterBackupRestoration (0ms)
========================================================================
Worker process is ready to serve import requests
Begin MonoManager ReloadAssembly
Symbol file LoadedFromMemory doesn't match image D:\UnityProject\ShaderTestHDRP\Library\PackageCache\com.unity.visualscripting@1.8.0\Editor\VisualScripting.Core\Dependencies\YamlDotNet\Unity.VisualScripting.YamlDotNet.dll
Symbol file LoadedFromMemory doesn't match image D:\UnityProject\ShaderTestHDRP\Library\PackageCache\com.unity.visualscripting@1.8.0\Editor\VisualScripting.Core\Dependencies\DotNetZip\Unity.VisualScripting.IonicZip.dll
- Loaded All Assemblies, in  1.011 seconds
Refreshing native plugins compatible for Editor in 3.16 ms, found 3 plugins.
Native extension for WindowsStandalone target not found
Native extension for iOS target not found
Native extension for Android target not found
Native extension for WebGL target not found
Package Manager log level set to [2]
[Package Manager] Server::EnsureServerProcessIsRunning -- launch failed, reason: Unity was launched with the -noUpm command-line argument
[Package Manager] UpmClient::Send -- Unable to send message (not connected to UPM process).
[Package Manager] Cannot connect to Unity Package Manager local server
Mono: successfully reloaded assembly
- Finished resetting the current domain, in  1.183 seconds
Domain Reload Profiling: 2192ms
	BeginReloadAssembly (139ms)
		ExecutionOrderSort (0ms)
		DisableScriptedObjects (6ms)
		BackupInstance (0ms)
		ReleaseScriptingObjects (0ms)
		CreateAndSetChildDomain (22ms)
	RebuildCommonClasses (38ms)
	RebuildNativeTypeToScriptingClass (13ms)
	initialDomainReloadingComplete (53ms)
	LoadAllAssembliesAndSetupDomain (765ms)
		LoadAssemblies (364ms)
		RebuildTransferFunctionScriptingTraits (0ms)
		AnalyzeDomain (462ms)
			TypeCache.Refresh (420ms)
				TypeCache.ScanAssembly (404ms)
			ScanForSourceGeneratedMonoScriptInfo (30ms)
			ResolveRequiredComponents (13ms)
	FinalizeReload (1184ms)
		ReleaseScriptCaches (0ms)
		RebuildScriptCaches (0ms)
		SetupLoadedEditorAssemblies (939ms)
			LogAssemblyErrors (0ms)
			InitializePlatformSupportModulesInManaged (46ms)
			SetLoadedEditorAssemblies (5ms)
			RefreshPlugins (0ms)
			BeforeProcessingInitializeOnLoad (141ms)
			ProcessInitializeOnLoadAttributes (490ms)
			ProcessInitializeOnLoadMethodAttributes (246ms)
			AfterProcessingInitializeOnLoad (10ms)
			EditorAssembliesLoaded (0ms)
		ExecutionOrderSort2 (0ms)
		AwakeInstancesAfterBackupRestoration (9ms)
Launched and connected shader compiler UnityShaderCompiler.exe after 0.04 seconds
Refreshing native plugins compatible for Editor in 3.56 ms, found 3 plugins.
Preloading 0 native plugins for Editor in 0.00 ms.
Unloading 6195 Unused Serialized files (Serialized files now loaded: 0)
Unloading 98 unused Assets / (3.6 MB). Loaded Objects now: 6668.
Memory consumption went from 292.0 MB to 288.4 MB.
Total: 5.089300 ms (FindLiveObjects: 0.799800 ms CreateObjectMapping: 0.299000 ms MarkObjects: 3.325600 ms  DeleteObjects: 0.663200 ms)

AssetImportParameters requested are different than current active one (requested -> active):
  custom:container-demuxer-ogg: 62fdf1f143b41e24485cea50d1cbac27 -> 
  custom:video-decoder-ogg-theora: a1e56fd34408186e4bbccfd4996cb3dc -> 
  custom:framework-win-MediaFoundation: 216162199b28c13a410421893ffa2e32 -> 
  custom:container-demuxer-webm: 4f35f7cbe854078d1ac9338744f61a02 -> 
  custom:container-muxer-webm: aa71ff27fc2769a1b78a27578f13a17b -> 
  custom:video-decoder-webm-vp8: 9c59270c3fd7afecdb556c50c9e8de78 -> 
  custom:AudioImporter_EditorPlatform: d09bf68614088b80899f8185d706f6e7 -> 
  custom:video-encoder-webm-vp8: eb34c28f22e8b96e1ab97ce403110664 -> 
  custom:audio-decoder-ogg-vorbis: bf7c407c2cedff20999df2af8eb42d56 -> 
  custom:audio-encoder-webm-vorbis: bf7c407c2cedff20999df2af8eb42d56 -> 
========================================================================
Received Import Request.
  Time since last request: 692186.867970 seconds.
  path: Assets/VFXShaderGraph/MagicLibrary.vfx
  artifactKey: Guid(27e3b5cfb3cde03419f7695e6c3fe136) Importer(815301076,1909f56bfc062723c751e8b465ee728b)
Start importing Assets/VFXShaderGraph/MagicLibrary.vfx using Guid(27e3b5cfb3cde03419f7695e6c3fe136) Importer(815301076,1909f56bfc062723c751e8b465ee728b)  -> (artifact id: '77e63710077bd3ed475891403bfe5447') in 0.015852 seconds
Number of updated asset objects reloaded before import = 0
Number of asset objects unloaded after import = 4
========================================================================
Received Import Request.
  Time since last request: 5003.483833 seconds.
  path: Assets/ThridParty/Low Poly Furniture/Models/Big Mouse.fbx
  artifactKey: Guid(c12191cd2f81c5748b201a73a4608f2d) Importer(815301076,1909f56bfc062723c751e8b465ee728b)
Start importing Assets/ThridParty/Low Poly Furniture/Models/Big Mouse.fbx using Guid(c12191cd2f81c5748b201a73a4608f2d) Importer(815301076,1909f56bfc062723c751e8b465ee728b)  -> (artifact id: 'cc91eff7a8e2799fd1868033937966ce') in 0.003826 seconds
Number of updated asset objects reloaded before import = 1
Number of asset objects unloaded after import = 7
========================================================================
Received Import Request.
  Time since last request: 0.000017 seconds.
  path: Assets/ThridParty/Low Poly Furniture/Models/L-Shaped Couch.fbx
  artifactKey: Guid(c63715b0b8bef004a95d82d55cc527c7) Importer(815301076,1909f56bfc062723c751e8b465ee728b)
Start importing Assets/ThridParty/Low Poly Furniture/Models/L-Shaped Couch.fbx using Guid(c63715b0b8bef004a95d82d55cc527c7) Importer(815301076,1909f56bfc062723c751e8b465ee728b)  -> (artifact id: 'b2e74eb452399e037b206155963ad0b9') in 0.003457 seconds
Number of updated asset objects reloaded before import = 0
Number of asset objects unloaded after import = 7
========================================================================
Received Import Request.
  Time since last request: 0.000257 seconds.
  path: Assets/ThridParty/Low Poly Furniture/Models/Triple Cactus.fbx
  artifactKey: Guid(3ea3d2a5bf18aa84284124fe246a65b1) Importer(815301076,1909f56bfc062723c751e8b465ee728b)
Start importing Assets/ThridParty/Low Poly Furniture/Models/Triple Cactus.fbx using Guid(3ea3d2a5bf18aa84284124fe246a65b1) Importer(815301076,1909f56bfc062723c751e8b465ee728b)  -> (artifact id: 'c5fc5f26f483a0ef23951f57925d730d') in 0.001809 seconds
Number of updated asset objects reloaded before import = 0
Number of asset objects unloaded after import = 7
========================================================================
Received Import Request.
  Time since last request: 0.000014 seconds.
  path: Assets/ThridParty/Low Poly Furniture/Models/Thin Chair.fbx
  artifactKey: Guid(78ade105789c1114f91e52abcdd9f12b) Importer(815301076,1909f56bfc062723c751e8b465ee728b)
Start importing Assets/ThridParty/Low Poly Furniture/Models/Thin Chair.fbx using Guid(78ade105789c1114f91e52abcdd9f12b) Importer(815301076,1909f56bfc062723c751e8b465ee728b)  -> (artifact id: 'a07a31a7683e4fa1bf2c84fe0816fe67') in 0.001814 seconds
Number of updated asset objects reloaded before import = 0
Number of asset objects unloaded after import = 7
========================================================================
Received Import Request.
  Time since last request: 0.000013 seconds.
  path: Assets/ThridParty/Low Poly Furniture/Models/Standart Bookshelf.fbx
  artifactKey: Guid(de28c4b7898423c439068dd7f02263cb) Importer(815301076,1909f56bfc062723c751e8b465ee728b)
Start importing Assets/ThridParty/Low Poly Furniture/Models/Standart Bookshelf.fbx using Guid(de28c4b7898423c439068dd7f02263cb) Importer(815301076,1909f56bfc062723c751e8b465ee728b)  -> (artifact id: 'b2dc902c8c5479b88c98853361ac2021') in 0.001942 seconds
Number of updated asset objects reloaded before import = 0
Number of asset objects unloaded after import = 7
========================================================================
Received Import Request.
  Time since last request: 0.000018 seconds.
  path: Assets/ThridParty/Low Poly Furniture/Models/Gaming Keyboard.fbx
  artifactKey: Guid(a06b162f44b643c4d9c840b2c07435f1) Importer(815301076,1909f56bfc062723c751e8b465ee728b)
Start importing Assets/ThridParty/Low Poly Furniture/Models/Gaming Keyboard.fbx using Guid(a06b162f44b643c4d9c840b2c07435f1) Importer(815301076,1909f56bfc062723c751e8b465ee728b)  -> (artifact id: '91cda027961e61cfb3259a76f1d94851') in 0.002082 seconds
Number of updated asset objects reloaded before import = 0
Number of asset objects unloaded after import = 7
========================================================================
Received Import Request.
  Time since last request: 0.000026 seconds.
  path: Assets/ThridParty/Low Poly Furniture/Models/Larger Case.fbx
  artifactKey: Guid(663a9601d0ae2274a9c57ebba1b3cc31) Importer(815301076,1909f56bfc062723c751e8b465ee728b)
Start importing Assets/ThridParty/Low Poly Furniture/Models/Larger Case.fbx using Guid(663a9601d0ae2274a9c57ebba1b3cc31) Importer(815301076,1909f56bfc062723c751e8b465ee728b)  -> (artifact id: 'e68c8cdca15e5fb117535c156600a2c2') in 0.001847 seconds
Number of updated asset objects reloaded before import = 0
Number of asset objects unloaded after import = 7
========================================================================
Received Import Request.
  Time since last request: 0.000014 seconds.
  path: Assets/ThridParty/Low Poly Furniture/Models/Gaming Chair.fbx
  artifactKey: Guid(ddc350bb222a74a48b551b3a7f4f69ee) Importer(815301076,1909f56bfc062723c751e8b465ee728b)
Start importing Assets/ThridParty/Low Poly Furniture/Models/Gaming Chair.fbx using Guid(ddc350bb222a74a48b551b3a7f4f69ee) Importer(815301076,1909f56bfc062723c751e8b465ee728b)  -> (artifact id: 'f31a29b5e96546fcd03e6a95a9d13b86') in 0.001994 seconds
Number of updated asset objects reloaded before import = 0
Number of asset objects unloaded after import = 7
========================================================================
Received Import Request.
  Time since last request: 0.000014 seconds.
  path: Assets/ThridParty/Low Poly Furniture/Models/L-Shaped Bookshelf.fbx
  artifactKey: Guid(492df7511a68f19488494c654356defd) Importer(815301076,1909f56bfc062723c751e8b465ee728b)
Start importing Assets/ThridParty/Low Poly Furniture/Models/L-Shaped Bookshelf.fbx using Guid(492df7511a68f19488494c654356defd) Importer(815301076,1909f56bfc062723c751e8b465ee728b)  -> (artifact id: '0d000a7d98568512bb220fd2fd43c7ca') in 0.001824 seconds
Number of updated asset objects reloaded before import = 0
Number of asset objects unloaded after import = 7
========================================================================
Received Import Request.
  Time since last request: 0.000561 seconds.
  path: Assets/ThridParty/Low Poly Furniture/Models/Dark Case.fbx
  artifactKey: Guid(627c4ae26f127244e95c3bd0d160c879) Importer(815301076,1909f56bfc062723c751e8b465ee728b)
Start importing Assets/ThridParty/Low Poly Furniture/Models/Dark Case.fbx using Guid(627c4ae26f127244e95c3bd0d160c879) Importer(815301076,1909f56bfc062723c751e8b465ee728b)  -> (artifact id: 'bfd6510f6864dc320fbb182622cc69d8') in 0.001634 seconds
Number of updated asset objects reloaded before import = 0
Number of asset objects unloaded after import = 7
========================================================================
Received Import Request.
  Time since last request: 0.000013 seconds.
  path: Assets/ThridParty/Low Poly Furniture/Models/Round Table.fbx
  artifactKey: Guid(d05534f74c8b1aa48b2446d3f0d60245) Importer(815301076,1909f56bfc062723c751e8b465ee728b)
Start importing Assets/ThridParty/Low Poly Furniture/Models/Round Table.fbx using Guid(d05534f74c8b1aa48b2446d3f0d60245) Importer(815301076,1909f56bfc062723c751e8b465ee728b)  -> (artifact id: '665138ff0af494b7b798ccb068dc5ab7') in 0.001596 seconds
Number of updated asset objects reloaded before import = 0
Number of asset objects unloaded after import = 7
========================================================================
Received Import Request.
  Time since last request: 0.000014 seconds.
  path: Assets/ThridParty/Low Poly Furniture/Models/Short Nightstand.fbx
  artifactKey: Guid(0e67f4f822790f44d8fec74f48e045af) Importer(815301076,1909f56bfc062723c751e8b465ee728b)
Start importing Assets/ThridParty/Low Poly Furniture/Models/Short Nightstand.fbx using Guid(0e67f4f822790f44d8fec74f48e045af) Importer(815301076,1909f56bfc062723c751e8b465ee728b)  -> (artifact id: 'e309f519290dd256b3e9948dee84c39f') in 0.001548 seconds
Number of updated asset objects reloaded before import = 0
Number of asset objects unloaded after import = 7
========================================================================
Received Import Request.
  Time since last request: 0.000013 seconds.
  path: Assets/ThridParty/Low Poly Furniture/Models/Standart Wardrobe.fbx
  artifactKey: Guid(67f26b897a8659d4882a7294baadc9c9) Importer(815301076,1909f56bfc062723c751e8b465ee728b)
Start importing Assets/ThridParty/Low Poly Furniture/Models/Standart Wardrobe.fbx using Guid(67f26b897a8659d4882a7294baadc9c9) Importer(815301076,1909f56bfc062723c751e8b465ee728b)  -> (artifact id: '4bb5df8a15c6ff40817964a4aa822eb5') in 0.002754 seconds
Number of updated asset objects reloaded before import = 0
Number of asset objects unloaded after import = 7
========================================================================
Received Import Request.
  Time since last request: 0.000015 seconds.
  path: Assets/ThridParty/Low Poly Furniture/Models/Blue Book.fbx
  artifactKey: Guid(bc09309e8485efb4f988398655898bb6) Importer(815301076,1909f56bfc062723c751e8b465ee728b)
Start importing Assets/ThridParty/Low Poly Furniture/Models/Blue Book.fbx using Guid(bc09309e8485efb4f988398655898bb6) Importer(815301076,1909f56bfc062723c751e8b465ee728b)  -> (artifact id: '84f02eb58de5449512789b115838b9a4') in 0.003607 seconds
Number of updated asset objects reloaded before import = 0
Number of asset objects unloaded after import = 7
========================================================================
Received Import Request.
  Time since last request: 0.001042 seconds.
  path: Assets/ThridParty/Low Poly Furniture/Models/Cylinder Lamp.fbx
  artifactKey: Guid(463d37cb9531858459b89a23f7121366) Importer(815301076,1909f56bfc062723c751e8b465ee728b)
Start importing Assets/ThridParty/Low Poly Furniture/Models/Cylinder Lamp.fbx using Guid(463d37cb9531858459b89a23f7121366) Importer(815301076,1909f56bfc062723c751e8b465ee728b)  -> (artifact id: '262a21942d900e1cb016f05a73936f84') in 0.001555 seconds
Number of updated asset objects reloaded before import = 0
Number of asset objects unloaded after import = 7
========================================================================
Received Import Request.
  Time since last request: 0.000017 seconds.
  path: Assets/ThridParty/Low Poly Furniture/Models/Small Mouse.fbx
  artifactKey: Guid(d74a36366eeaa9345a1658de0de381af) Importer(815301076,1909f56bfc062723c751e8b465ee728b)
Start importing Assets/ThridParty/Low Poly Furniture/Models/Small Mouse.fbx using Guid(d74a36366eeaa9345a1658de0de381af) Importer(815301076,1909f56bfc062723c751e8b465ee728b)  -> (artifact id: 'a6df2fc67e7f5f4a79e3af1033b24e19') in 0.001747 seconds
Number of updated asset objects reloaded before import = 0
Number of asset objects unloaded after import = 7
========================================================================
Received Import Request.
  Time since last request: 0.000025 seconds.
  path: Assets/ThridParty/Low Poly Furniture/Models/Green Plant.fbx
  artifactKey: Guid(f150b4c37a4c40047a9633b96429c219) Importer(815301076,1909f56bfc062723c751e8b465ee728b)
Start importing Assets/ThridParty/Low Poly Furniture/Models/Green Plant.fbx using Guid(f150b4c37a4c40047a9633b96429c219) Importer(815301076,1909f56bfc062723c751e8b465ee728b)  -> (artifact id: '47b7a990bf16857a1eb8297fe9abef0c') in 0.001824 seconds
Number of updated asset objects reloaded before import = 0
Number of asset objects unloaded after import = 7
========================================================================
Received Import Request.
  Time since last request: 0.000014 seconds.
  path: Assets/ThridParty/Low Poly Furniture/Models/Standart Chair.fbx
  artifactKey: Guid(ac9176d8a9cecdc44a0e387e329ee31c) Importer(815301076,1909f56bfc062723c751e8b465ee728b)
Start importing Assets/ThridParty/Low Poly Furniture/Models/Standart Chair.fbx using Guid(ac9176d8a9cecdc44a0e387e329ee31c) Importer(815301076,1909f56bfc062723c751e8b465ee728b)  -> (artifact id: '5058f8509ffcd9fe2e2a6948e9c2c5ea') in 0.001794 seconds
Number of updated asset objects reloaded before import = 0
Number of asset objects unloaded after import = 7
========================================================================
Received Import Request.
  Time since last request: 0.000021 seconds.
  path: Assets/ThridParty/Low Poly Furniture/Models/Wall Bookshelf Large.fbx
  artifactKey: Guid(64dccf619abaee04ab1842c4ec5e5f70) Importer(815301076,1909f56bfc062723c751e8b465ee728b)
Start importing Assets/ThridParty/Low Poly Furniture/Models/Wall Bookshelf Large.fbx using Guid(64dccf619abaee04ab1842c4ec5e5f70) Importer(815301076,1909f56bfc062723c751e8b465ee728b)  -> (artifact id: '14151c8f9ac7fb24a997671cb8a914ec') in 0.001719 seconds
Number of updated asset objects reloaded before import = 0
Number of asset objects unloaded after import = 7
========================================================================
Received Import Request.
  Time since last request: 0.000015 seconds.
  path: Assets/ThridParty/Low Poly Furniture/Models/Vaselamp.fbx
  artifactKey: Guid(2c4eec42cfc85c749be391e82aceb875) Importer(815301076,1909f56bfc062723c751e8b465ee728b)
Start importing Assets/ThridParty/Low Poly Furniture/Models/Vaselamp.fbx using Guid(2c4eec42cfc85c749be391e82aceb875) Importer(815301076,1909f56bfc062723c751e8b465ee728b)  -> (artifact id: '62e13cdf0d1c19fcc77122b62282f753') in 0.001657 seconds
Number of updated asset objects reloaded before import = 0
Number of asset objects unloaded after import = 7
========================================================================
Received Import Request.
  Time since last request: 0.000015 seconds.
  path: Assets/ThridParty/Low Poly Furniture/Models/Yellow Vase.fbx
  artifactKey: Guid(a3c8436bd2348474a824d0baa0786aa9) Importer(815301076,1909f56bfc062723c751e8b465ee728b)
Start importing Assets/ThridParty/Low Poly Furniture/Models/Yellow Vase.fbx using Guid(a3c8436bd2348474a824d0baa0786aa9) Importer(815301076,1909f56bfc062723c751e8b465ee728b)  -> (artifact id: '4a586920f5e26669de205fdbcab4b612') in 0.001551 seconds
Number of updated asset objects reloaded before import = 0
Number of asset objects unloaded after import = 7
========================================================================
Received Import Request.
  Time since last request: 0.000018 seconds.
  path: Assets/ThridParty/Low Poly Furniture/Models/Laptop.fbx
  artifactKey: Guid(d8ea38793a6bd104aa20d7dc912caba7) Importer(815301076,1909f56bfc062723c751e8b465ee728b)
Start importing Assets/ThridParty/Low Poly Furniture/Models/Laptop.fbx using Guid(d8ea38793a6bd104aa20d7dc912caba7) Importer(815301076,1909f56bfc062723c751e8b465ee728b)  -> (artifact id: '17f1bb8250d6e03eca05a703c8dbf9ff') in 0.001819 seconds
Number of updated asset objects reloaded before import = 0
Number of asset objects unloaded after import = 7
========================================================================
Received Import Request.
  Time since last request: 0.000031 seconds.
  path: Assets/ThridParty/Low Poly Furniture/Models/Single Bed.fbx
  artifactKey: Guid(88bfcb4cfbf572c4090d7535fdd4fed5) Importer(815301076,1909f56bfc062723c751e8b465ee728b)
Start importing Assets/ThridParty/Low Poly Furniture/Models/Single Bed.fbx using Guid(88bfcb4cfbf572c4090d7535fdd4fed5) Importer(815301076,1909f56bfc062723c751e8b465ee728b)  -> (artifact id: 'ec6ea5aba2a43ab436e774a7c5475762') in 0.001860 seconds
Number of updated asset objects reloaded before import = 0
Number of asset objects unloaded after import = 12
========================================================================
Received Import Request.
  Time since last request: 33.845949 seconds.
  path: Assets/ThridParty/Low Poly Furniture/Prefabs/Book/Blue Book.prefab
  artifactKey: Guid(68fd4dcfbe5154d4e89043e3df713c11) Importer(815301076,1909f56bfc062723c751e8b465ee728b)
Start importing Assets/ThridParty/Low Poly Furniture/Prefabs/Book/Blue Book.prefab using Guid(68fd4dcfbe5154d4e89043e3df713c11) Importer(815301076,1909f56bfc062723c751e8b465ee728b)  -> (artifact id: 'd0ffb179c5b8171eebef140cc9585c7d') in 0.001665 seconds
Number of updated asset objects reloaded before import = 0
Number of asset objects unloaded after import = 7
========================================================================
Received Import Request.
  Time since last request: 0.000017 seconds.
  path: Assets/ThridParty/Books/Prefabs/book_0001b.prefab
  artifactKey: Guid(f9ec2f5b43ac0204199acdb66395048b) Importer(815301076,1909f56bfc062723c751e8b465ee728b)
Start importing Assets/ThridParty/Books/Prefabs/book_0001b.prefab using Guid(f9ec2f5b43ac0204199acdb66395048b) Importer(815301076,1909f56bfc062723c751e8b465ee728b)  -> (artifact id: '54b52a9ea79ddc4352226ed6bcec3572') in 0.001698 seconds
Number of updated asset objects reloaded before import = 0
Number of asset objects unloaded after import = 6
========================================================================
Received Import Request.
  Time since last request: 0.000134 seconds.
  path: Assets/ThridParty/Books/Textures/books.bmp
  artifactKey: Guid(f2f1bd0c786ec5743b8bcc0a2402b6c6) Importer(815301076,1909f56bfc062723c751e8b465ee728b)
Start importing Assets/ThridParty/Books/Textures/books.bmp using Guid(f2f1bd0c786ec5743b8bcc0a2402b6c6) Importer(815301076,1909f56bfc062723c751e8b465ee728b)  -> (artifact id: '9caec58d362e14e53c253db6834a70ed') in 0.001488 seconds
Number of updated asset objects reloaded before import = 0
Number of asset objects unloaded after import = 1
========================================================================
Received Import Request.
  Time since last request: 0.000183 seconds.
  path: Assets/Settings/HDRPDefaultResources/HDRenderPipelineGlobalSettings.asset
  artifactKey: Guid(ac0316ca287ba459492b669ff1317a6f) Importer(815301076,1909f56bfc062723c751e8b465ee728b)
Start importing Assets/Settings/HDRPDefaultResources/HDRenderPipelineGlobalSettings.asset using Guid(ac0316ca287ba459492b669ff1317a6f) Importer(815301076,1909f56bfc062723c751e8b465ee728b)  -> (artifact id: '20b037876f73cbbeea7b00625397b17a') in 0.000779 seconds
Number of updated asset objects reloaded before import = 0
Number of asset objects unloaded after import = 0
========================================================================
Received Import Request.
  Time since last request: 0.000016 seconds.
  path: Assets/ThridParty/Books/3dobjects_FBX/Materials/books.mat
  artifactKey: Guid(153061f29d41be9438999ac2fae2c894) Importer(815301076,1909f56bfc062723c751e8b465ee728b)
Start importing Assets/ThridParty/Books/3dobjects_FBX/Materials/books.mat using Guid(153061f29d41be9438999ac2fae2c894) Importer(815301076,1909f56bfc062723c751e8b465ee728b)  -> (artifact id: 'f9e8a78916aaec2c6b139e3260efe55c') in 0.001214 seconds
Number of updated asset objects reloaded before import = 0
Number of asset objects unloaded after import = 1
========================================================================
Received Import Request.
  Time since last request: 0.488356 seconds.
  path: Assets/ThridParty/Low Poly Furniture/Prefabs/Bookshelf/Standart Bookshelf.prefab
  artifactKey: Guid(7abc5df1f075a844e93c14e4a85be936) Importer(815301076,1909f56bfc062723c751e8b465ee728b)
Start importing Assets/ThridParty/Low Poly Furniture/Prefabs/Bookshelf/Standart Bookshelf.prefab using Guid(7abc5df1f075a844e93c14e4a85be936) Importer(815301076,1909f56bfc062723c751e8b465ee728b)  -> (artifact id: '8e0584c9806801e29c8fdf6008e7ffcc') in 0.001557 seconds
Number of updated asset objects reloaded before import = 0
Number of asset objects unloaded after import = 7
Editor requested this worker to shutdown with reason: Scaling down because of idle timeout
TcpMessagingSession - receive error: operation aborted. errorcode: 995, details: 因為執行緒結束或應用程式要求，所以已中止 I/O 操作。
AssetImportWorker is now disconnected from the server
Process exiting
Exiting without the bug reporter. Application will terminate with return code 0