Using pre-set license
Built from '2022.3/staging' branch; Version is '2022.3.3f1 (7cdc2969a641) revision 8182825'; Using compiler version '192829333'; Build Type 'Release'
OS: 'Windows 10  (10.0.19045) 64bit Professional' Language: 'zh' Physical Memory: 32606 MB
BatchMode: 1, IsHumanControllingUs: 0, StartBugReporterOnCrash: 0, Is64bit: 1, IsPro: 1

COMMAND LINE ARGUMENTS:
C:\Program Files\Unity\Hub\Editor\2022.3.3f1\Editor\Unity.exe
-adb2
-batchMode
-noUpm
-name
AssetImportWorker0
-projectPath
D:/ShaderTestHDRP
-logFile
Logs/AssetImportWorker0.log
-srvPort
56710
Successfully changed project path to: D:/ShaderTestHDRP
D:/ShaderTestHDRP
[UnityMemory] Configuration Parameters - Can be set up in boot.config
    "memorysetup-bucket-allocator-granularity=16"
    "memorysetup-bucket-allocator-bucket-count=8"
    "memorysetup-bucket-allocator-block-size=33554432"
    "memorysetup-bucket-allocator-block-count=8"
    "memorysetup-main-allocator-block-size=16777216"
    "memorysetup-thread-allocator-block-size=16777216"
    "memorysetup-gfx-main-allocator-block-size=16777216"
    "memorysetup-gfx-thread-allocator-block-size=16777216"
    "memorysetup-cache-allocator-block-size=4194304"
    "memorysetup-typetree-allocator-block-size=2097152"
    "memorysetup-profiler-bucket-allocator-granularity=16"
    "memorysetup-profiler-bucket-allocator-bucket-count=8"
    "memorysetup-profiler-bucket-allocator-block-size=33554432"
    "memorysetup-profiler-bucket-allocator-block-count=8"
    "memorysetup-profiler-allocator-block-size=16777216"
    "memorysetup-profiler-editor-allocator-block-size=1048576"
    "memorysetup-temp-allocator-size-main=16777216"
    "memorysetup-job-temp-allocator-block-size=2097152"
    "memorysetup-job-temp-allocator-block-size-background=1048576"
    "memorysetup-job-temp-allocator-reduction-small-platforms=262144"
    "memorysetup-allocator-temp-initial-block-size-main=262144"
    "memorysetup-allocator-temp-initial-block-size-worker=262144"
    "memorysetup-temp-allocator-size-background-worker=32768"
    "memorysetup-temp-allocator-size-job-worker=262144"
    "memorysetup-temp-allocator-size-preload-manager=33554432"
    "memorysetup-temp-allocator-size-nav-mesh-worker=65536"
    "memorysetup-temp-allocator-size-audio-worker=65536"
    "memorysetup-temp-allocator-size-cloud-worker=32768"
    "memorysetup-temp-allocator-size-gi-baking-worker=262144"
    "memorysetup-temp-allocator-size-gfx=262144"
Player connection [25880] Host "[IP] 192.168.0.148 [Port] 0 [Flags] 2 [Guid] 2414670019 [EditorId] 2414670019 [Version] 1048832 [Id] WindowsEditor(7,DESKTOP-KDB4562) [Debug] 1 [PackageName] WindowsEditor [ProjectName] Editor" joined multi-casting on [225.0.0.222:54997]...

Player connection [25880] Host "[IP] 192.168.0.148 [Port] 0 [Flags] 2 [Guid] 2414670019 [EditorId] 2414670019 [Version] 1048832 [Id] WindowsEditor(7,DESKTOP-KDB4562) [Debug] 1 [PackageName] WindowsEditor [ProjectName] Editor" joined alternative multi-casting on [225.0.0.222:34997]...

Refreshing native plugins compatible for Editor in 8.56 ms, found 3 plugins.
Preloading 0 native plugins for Editor in 0.00 ms.
Initialize engine version: 2022.3.3f1 (7cdc2969a641)
[Subsystems] Discovering subsystems at path C:/Program Files/Unity/Hub/Editor/2022.3.3f1/Editor/Data/Resources/UnitySubsystems
[Subsystems] Discovering subsystems at path D:/ShaderTestHDRP/Assets
GfxDevice: creating device client; threaded=0; jobified=0
Direct3D:
    Version:  Direct3D 11.0 [level 11.1]
    Renderer: NVIDIA GeForce RTX 3060 (ID=0x2544)
    Vendor:   NVIDIA
    VRAM:     8049 MB
    Driver:   31.0.15.3623
Initialize mono
Mono path[0] = 'C:/Program Files/Unity/Hub/Editor/2022.3.3f1/Editor/Data/Managed'
Mono path[1] = 'C:/Program Files/Unity/Hub/Editor/2022.3.3f1/Editor/Data/MonoBleedingEdge/lib/mono/unityjit-win32'
Mono config path = 'C:/Program Files/Unity/Hub/Editor/2022.3.3f1/Editor/Data/MonoBleedingEdge/etc'
Using monoOptions --debugger-agent=transport=dt_socket,embedding=1,server=y,suspend=n,address=127.0.0.1:56220
Begin MonoManager ReloadAssembly
Registering precompiled unity dll's ...
Register platform support module: C:/Program Files/Unity/Hub/Editor/2022.3.3f1/Editor/Data/PlaybackEngines/WebGLSupport/UnityEditor.WebGL.Extensions.dll
Register platform support module: C:/Program Files/Unity/Hub/Editor/2022.3.3f1/Editor/Data/PlaybackEngines/AndroidPlayer/UnityEditor.Android.Extensions.dll
Register platform support module: C:/Program Files/Unity/Hub/Editor/2022.3.3f1/Editor/Data/PlaybackEngines/iOSSupport/UnityEditor.iOS.Extensions.dll
Register platform support module: C:/Program Files/Unity/Hub/Editor/2022.3.3f1/Editor/Data/PlaybackEngines/WindowsStandaloneSupport/UnityEditor.WindowsStandalone.Extensions.dll
Registered in 0.017656 seconds.
- Loaded All Assemblies, in  0.410 seconds
Native extension for WindowsStandalone target not found
[usbmuxd] Start listen thread
[usbmuxd] Listen thread started
Native extension for iOS target not found
Native extension for Android target not found
Android Extension - Scanning For ADB Devices 337 ms
Native extension for WebGL target not found
Mono: successfully reloaded assembly
- Finished resetting the current domain, in  0.709 seconds
Domain Reload Profiling: 1118ms
	BeginReloadAssembly (105ms)
		ExecutionOrderSort (0ms)
		DisableScriptedObjects (0ms)
		BackupInstance (0ms)
		ReleaseScriptingObjects (0ms)
		CreateAndSetChildDomain (1ms)
	RebuildCommonClasses (38ms)
	RebuildNativeTypeToScriptingClass (13ms)
	initialDomainReloadingComplete (79ms)
	LoadAllAssembliesAndSetupDomain (174ms)
		LoadAssemblies (103ms)
		RebuildTransferFunctionScriptingTraits (0ms)
		AnalyzeDomain (165ms)
			TypeCache.Refresh (164ms)
				TypeCache.ScanAssembly (151ms)
			ScanForSourceGeneratedMonoScriptInfo (0ms)
			ResolveRequiredComponents (1ms)
	FinalizeReload (710ms)
		ReleaseScriptCaches (0ms)
		RebuildScriptCaches (0ms)
		SetupLoadedEditorAssemblies (642ms)
			LogAssemblyErrors (0ms)
			InitializePlatformSupportModulesInManaged (476ms)
			SetLoadedEditorAssemblies (4ms)
			RefreshPlugins (0ms)
			BeforeProcessingInitializeOnLoad (3ms)
			ProcessInitializeOnLoadAttributes (109ms)
			ProcessInitializeOnLoadMethodAttributes (51ms)
			AfterProcessingInitializeOnLoad (0ms)
			EditorAssembliesLoaded (0ms)
		ExecutionOrderSort2 (0ms)
		AwakeInstancesAfterBackupRestoration (0ms)
========================================================================
Worker process is ready to serve import requests
Begin MonoManager ReloadAssembly
Symbol file LoadedFromMemory doesn't match image D:\ShaderTestHDRP\Library\PackageCache\com.unity.visualscripting@1.8.0\Editor\VisualScripting.Core\Dependencies\YamlDotNet\Unity.VisualScripting.YamlDotNet.dll
Symbol file LoadedFromMemory doesn't match image D:\ShaderTestHDRP\Library\PackageCache\com.unity.visualscripting@1.8.0\Editor\VisualScripting.Core\Dependencies\DotNetZip\Unity.VisualScripting.IonicZip.dll
- Loaded All Assemblies, in  0.997 seconds
Refreshing native plugins compatible for Editor in 2.79 ms, found 3 plugins.
Native extension for WindowsStandalone target not found
Native extension for iOS target not found
Native extension for Android target not found
Native extension for WebGL target not found
Package Manager log level set to [2]
[Package Manager] Server::EnsureServerProcessIsRunning -- launch failed, reason: Unity was launched with the -noUpm command-line argument
[Package Manager] UpmClient::Send -- Unable to send message (not connected to UPM process).
[Package Manager] Cannot connect to Unity Package Manager local server
Mono: successfully reloaded assembly
- Finished resetting the current domain, in  1.170 seconds
Domain Reload Profiling: 2165ms
	BeginReloadAssembly (131ms)
		ExecutionOrderSort (0ms)
		DisableScriptedObjects (7ms)
		BackupInstance (0ms)
		ReleaseScriptingObjects (0ms)
		CreateAndSetChildDomain (21ms)
	RebuildCommonClasses (38ms)
	RebuildNativeTypeToScriptingClass (13ms)
	initialDomainReloadingComplete (53ms)
	LoadAllAssembliesAndSetupDomain (759ms)
		LoadAssemblies (359ms)
		RebuildTransferFunctionScriptingTraits (0ms)
		AnalyzeDomain (457ms)
			TypeCache.Refresh (411ms)
				TypeCache.ScanAssembly (395ms)
			ScanForSourceGeneratedMonoScriptInfo (28ms)
			ResolveRequiredComponents (18ms)
	FinalizeReload (1171ms)
		ReleaseScriptCaches (0ms)
		RebuildScriptCaches (0ms)
		SetupLoadedEditorAssemblies (911ms)
			LogAssemblyErrors (0ms)
			InitializePlatformSupportModulesInManaged (44ms)
			SetLoadedEditorAssemblies (4ms)
			RefreshPlugins (0ms)
			BeforeProcessingInitializeOnLoad (132ms)
			ProcessInitializeOnLoadAttributes (481ms)
			ProcessInitializeOnLoadMethodAttributes (239ms)
			AfterProcessingInitializeOnLoad (9ms)
			EditorAssembliesLoaded (0ms)
		ExecutionOrderSort2 (0ms)
		AwakeInstancesAfterBackupRestoration (8ms)
Launched and connected shader compiler UnityShaderCompiler.exe after 0.04 seconds
Refreshing native plugins compatible for Editor in 2.90 ms, found 3 plugins.
Preloading 0 native plugins for Editor in 0.00 ms.
Unloading 6194 Unused Serialized files (Serialized files now loaded: 0)
Unloading 98 unused Assets / (3.6 MB). Loaded Objects now: 6667.
Memory consumption went from 291.2 MB to 287.6 MB.
Total: 4.694000 ms (FindLiveObjects: 0.739300 ms CreateObjectMapping: 0.260600 ms MarkObjects: 3.135700 ms  DeleteObjects: 0.557400 ms)

AssetImportParameters requested are different than current active one (requested -> active):
  custom:container-demuxer-ogg: 62fdf1f143b41e24485cea50d1cbac27 -> 
  custom:video-decoder-ogg-theora: a1e56fd34408186e4bbccfd4996cb3dc -> 
  custom:framework-win-MediaFoundation: 216162199b28c13a410421893ffa2e32 -> 
  custom:container-demuxer-webm: 4f35f7cbe854078d1ac9338744f61a02 -> 
  custom:container-muxer-webm: aa71ff27fc2769a1b78a27578f13a17b -> 
  custom:video-decoder-webm-vp8: 9c59270c3fd7afecdb556c50c9e8de78 -> 
  custom:AudioImporter_EditorPlatform: d09bf68614088b80899f8185d706f6e7 -> 
  custom:video-encoder-webm-vp8: eb34c28f22e8b96e1ab97ce403110664 -> 
  custom:audio-decoder-ogg-vorbis: bf7c407c2cedff20999df2af8eb42d56 -> 
  custom:audio-encoder-webm-vorbis: bf7c407c2cedff20999df2af8eb42d56 -> 
========================================================================
Received Import Request.
  Time since last request: 628459.248488 seconds.
  path: Assets/VFXShaderGraph/book.fbx
  artifactKey: Guid(2d19d864364515549bb9df4683ece21b) Importer(815301076,1909f56bfc062723c751e8b465ee728b)
Start importing Assets/VFXShaderGraph/book.fbx using Guid(2d19d864364515549bb9df4683ece21b) Importer(815301076,1909f56bfc062723c751e8b465ee728b)  -> (artifact id: '53202d969c9395c9a20694532336cdd7') in 0.024854 seconds
Number of updated asset objects reloaded before import = 0
Number of asset objects unloaded after import = 23
========================================================================
Received Import Request.
  Time since last request: 152.258632 seconds.
  path: Assets/VFXShaderGraph/book.fbx
  artifactKey: Guid(2d19d864364515549bb9df4683ece21b) Importer(815301076,1909f56bfc062723c751e8b465ee728b)
Start importing Assets/VFXShaderGraph/book.fbx using Guid(2d19d864364515549bb9df4683ece21b) Importer(815301076,1909f56bfc062723c751e8b465ee728b)  -> (artifact id: 'cc8f6406197fa642034ab52c613039f6') in 0.001768 seconds
Number of updated asset objects reloaded before import = 0
Number of asset objects unloaded after import = 7
========================================================================
Received Import Request.
  Time since last request: 82.051960 seconds.
  path: Assets/VFXShaderGraph/book.fbx
  artifactKey: Guid(2d19d864364515549bb9df4683ece21b) Importer(815301076,1909f56bfc062723c751e8b465ee728b)
Start importing Assets/VFXShaderGraph/book.fbx using Guid(2d19d864364515549bb9df4683ece21b) Importer(815301076,1909f56bfc062723c751e8b465ee728b)  -> (artifact id: '00872019972d869bd330788907185483') in 0.002738 seconds
Number of updated asset objects reloaded before import = 0
Number of asset objects unloaded after import = 15
========================================================================
Received Import Request.
  Time since last request: 205.339720 seconds.
  path: Assets/VFXShaderGraph/book.fbx
  artifactKey: Guid(2d19d864364515549bb9df4683ece21b) Importer(815301076,1909f56bfc062723c751e8b465ee728b)
Start importing Assets/VFXShaderGraph/book.fbx using Guid(2d19d864364515549bb9df4683ece21b) Importer(815301076,1909f56bfc062723c751e8b465ee728b)  -> (artifact id: '6bbeb0ebf823ed68ecf31a77db91cb7c') in 0.002430 seconds
Number of updated asset objects reloaded before import = 0
Number of asset objects unloaded after import = 15
========================================================================
Received Import Request.
  Time since last request: 100.798171 seconds.
  path: Assets/Materials
  artifactKey: Guid(92e41cb14d564764caf4573ad36b927d) Importer(815301076,1909f56bfc062723c751e8b465ee728b)
Start importing Assets/Materials using Guid(92e41cb14d564764caf4573ad36b927d) Importer(815301076,1909f56bfc062723c751e8b465ee728b)  -> (artifact id: '68e65a37b7207b90f411cfa37bb20b60') in 0.000880 seconds
Number of updated asset objects reloaded before import = 0
Number of asset objects unloaded after import = 0
========================================================================
Received Import Request.
  Time since last request: 16.738729 seconds.
  path: Assets/Materials/BookOutside.mat
  artifactKey: Guid(31530d574220ac94192f48aeee1ed9e1) Importer(815301076,1909f56bfc062723c751e8b465ee728b)
Start importing Assets/Materials/BookOutside.mat using Guid(31530d574220ac94192f48aeee1ed9e1) Importer(815301076,1909f56bfc062723c751e8b465ee728b)  -> (artifact id: '437d31f2576766c4484caf46051a498a') in 0.001173 seconds
Number of updated asset objects reloaded before import = 0
Number of asset objects unloaded after import = 1
========================================================================
Received Import Request.
  Time since last request: 8.432728 seconds.
  path: Assets/TutorialInfo/Icons/HDRP.png
  artifactKey: Guid(d19680cd422524695938fbe55cc3b3bd) Importer(815301076,1909f56bfc062723c751e8b465ee728b)
Start importing Assets/TutorialInfo/Icons/HDRP.png using Guid(d19680cd422524695938fbe55cc3b3bd) Importer(815301076,1909f56bfc062723c751e8b465ee728b)  -> (artifact id: '40432b102ea068719158ec4e94c44b0e') in 0.003205 seconds
Number of updated asset objects reloaded before import = 0
Number of asset objects unloaded after import = 1
========================================================================
Received Import Request.
  Time since last request: 3.842162 seconds.
  path: Assets/Materials/BookCovers0135_1_M.jpg
  artifactKey: Guid(798cae3d9262c514283fb0ddd9c7aebd) Importer(815301076,1909f56bfc062723c751e8b465ee728b)
Start importing Assets/Materials/BookCovers0135_1_M.jpg using Guid(798cae3d9262c514283fb0ddd9c7aebd) Importer(815301076,1909f56bfc062723c751e8b465ee728b)  -> (artifact id: '855e0e72a61daddfac8668ed72af8820') in 0.002078 seconds
Number of updated asset objects reloaded before import = 0
Number of asset objects unloaded after import = 1
========================================================================
Received Import Request.
  Time since last request: 42.930839 seconds.
  path: Assets/Textures
  artifactKey: Guid(cdfb9540232e59547bb6cc5b1c9a84cb) Importer(815301076,1909f56bfc062723c751e8b465ee728b)
Start importing Assets/Textures using Guid(cdfb9540232e59547bb6cc5b1c9a84cb) Importer(815301076,1909f56bfc062723c751e8b465ee728b)  -> (artifact id: 'ed1c7562f1284c928caf965954a7fdc7') in 0.000612 seconds
Number of updated asset objects reloaded before import = 0
Number of asset objects unloaded after import = 0
========================================================================
Received Import Request.
  Time since last request: 5.380313 seconds.
  path: Assets/Materials/BookOutside.mat
  artifactKey: Guid(31530d574220ac94192f48aeee1ed9e1) Importer(815301076,1909f56bfc062723c751e8b465ee728b)
Start importing Assets/Materials/BookOutside.mat using Guid(31530d574220ac94192f48aeee1ed9e1) Importer(815301076,1909f56bfc062723c751e8b465ee728b)  -> (artifact id: '7191de890cc0f2cf84f6a38c381658f6') in 0.001266 seconds
Number of updated asset objects reloaded before import = 0
Number of asset objects unloaded after import = 1
========================================================================
Received Import Request.
  Time since last request: 36.806692 seconds.
  path: Assets/Models
  artifactKey: Guid(cecf95bfa05b5ab43b007183f869f6aa) Importer(815301076,1909f56bfc062723c751e8b465ee728b)
Start importing Assets/Models using Guid(cecf95bfa05b5ab43b007183f869f6aa) Importer(815301076,1909f56bfc062723c751e8b465ee728b)  -> (artifact id: '5f65ba802d17aa678016194decc2c27c') in 0.000890 seconds
Number of updated asset objects reloaded before import = 0
Number of asset objects unloaded after import = 0
========================================================================
Received Import Request.
  Time since last request: 44.125861 seconds.
  path: Assets/VFXShaderGraph/123.shadergraph
  artifactKey: Guid(36abcfd0b3088c94fb534d1c0ac3e014) Importer(815301076,1909f56bfc062723c751e8b465ee728b)
Start importing Assets/VFXShaderGraph/123.shadergraph using Guid(36abcfd0b3088c94fb534d1c0ac3e014) Importer(815301076,1909f56bfc062723c751e8b465ee728b)  -> (artifact id: '3bd9ab67ce7a3d95779cd32d150f04f4') in 0.003514 seconds
Number of updated asset objects reloaded before import = 0
Number of asset objects unloaded after import = 1
========================================================================
Received Import Request.
  Time since last request: 137.653365 seconds.
  path: Assets/VFXShaderGraph/MagicLibrary.vfx
  artifactKey: Guid(27e3b5cfb3cde03419f7695e6c3fe136) Importer(815301076,1909f56bfc062723c751e8b465ee728b)
Start importing Assets/VFXShaderGraph/MagicLibrary.vfx using Guid(27e3b5cfb3cde03419f7695e6c3fe136) Importer(815301076,1909f56bfc062723c751e8b465ee728b)  -> (artifact id: '3e98c441283892486b53070d49448744') in 0.003066 seconds
Number of updated asset objects reloaded before import = 0
Number of asset objects unloaded after import = 6
========================================================================
Received Import Request.
  Time since last request: 4.235108 seconds.
  path: Assets/VFXShaderGraph/MagicLibrary.vfx
  artifactKey: Guid(27e3b5cfb3cde03419f7695e6c3fe136) Importer(815301076,1909f56bfc062723c751e8b465ee728b)
Start importing Assets/VFXShaderGraph/MagicLibrary.vfx using Guid(27e3b5cfb3cde03419f7695e6c3fe136) Importer(815301076,1909f56bfc062723c751e8b465ee728b)  -> (artifact id: 'aa06a743300e721c544064b4f83c27bd') in 0.002466 seconds
Number of updated asset objects reloaded before import = 0
Number of asset objects unloaded after import = 6
========================================================================
Received Import Request.
  Time since last request: 10.806605 seconds.
  path: Assets/VFXShaderGraph/MagicLibrary.vfx
  artifactKey: Guid(27e3b5cfb3cde03419f7695e6c3fe136) Importer(815301076,1909f56bfc062723c751e8b465ee728b)
Start importing Assets/VFXShaderGraph/MagicLibrary.vfx using Guid(27e3b5cfb3cde03419f7695e6c3fe136) Importer(815301076,1909f56bfc062723c751e8b465ee728b)  -> (artifact id: '7d3d73e4d5b6b38a2c7cd893adf3a50a') in 0.002560 seconds
Number of updated asset objects reloaded before import = 0
Number of asset objects unloaded after import = 6
========================================================================
Received Import Request.
  Time since last request: 13.597698 seconds.
  path: Assets/VFXShaderGraph/MagicLibrary.vfx
  artifactKey: Guid(27e3b5cfb3cde03419f7695e6c3fe136) Importer(815301076,1909f56bfc062723c751e8b465ee728b)
Start importing Assets/VFXShaderGraph/MagicLibrary.vfx using Guid(27e3b5cfb3cde03419f7695e6c3fe136) Importer(815301076,1909f56bfc062723c751e8b465ee728b)  -> (artifact id: 'ec8a9b9c2d1278ee5164eff00ecad597') in 0.002588 seconds
Number of updated asset objects reloaded before import = 0
Number of asset objects unloaded after import = 6
========================================================================
Received Import Request.
  Time since last request: 5.919358 seconds.
  path: Assets/VFXShaderGraph/MagicLibrary.vfx
  artifactKey: Guid(27e3b5cfb3cde03419f7695e6c3fe136) Importer(815301076,1909f56bfc062723c751e8b465ee728b)
Start importing Assets/VFXShaderGraph/MagicLibrary.vfx using Guid(27e3b5cfb3cde03419f7695e6c3fe136) Importer(815301076,1909f56bfc062723c751e8b465ee728b)  -> (artifact id: '292a6531d60945bc2606e49de5763d98') in 0.002509 seconds
Number of updated asset objects reloaded before import = 0
Number of asset objects unloaded after import = 6
========================================================================
Received Import Request.
  Time since last request: 48.682473 seconds.
  path: Assets/VFXShaderGraph/MagicLibrary.vfx
  artifactKey: Guid(27e3b5cfb3cde03419f7695e6c3fe136) Importer(815301076,1909f56bfc062723c751e8b465ee728b)
Start importing Assets/VFXShaderGraph/MagicLibrary.vfx using Guid(27e3b5cfb3cde03419f7695e6c3fe136) Importer(815301076,1909f56bfc062723c751e8b465ee728b)  -> (artifact id: '265bca21ce93f68c4084aed47b1c37cb') in 0.002561 seconds
Number of updated asset objects reloaded before import = 0
Number of asset objects unloaded after import = 6
========================================================================
Received Import Request.
  Time since last request: 5.931075 seconds.
  path: Assets/VFXShaderGraph/MagicLibrary.vfx
  artifactKey: Guid(27e3b5cfb3cde03419f7695e6c3fe136) Importer(815301076,1909f56bfc062723c751e8b465ee728b)
Start importing Assets/VFXShaderGraph/MagicLibrary.vfx using Guid(27e3b5cfb3cde03419f7695e6c3fe136) Importer(815301076,1909f56bfc062723c751e8b465ee728b)  -> (artifact id: '3e797b277dff00019912d3d238b1df6e') in 0.002399 seconds
Number of updated asset objects reloaded before import = 0
Number of asset objects unloaded after import = 6
========================================================================
Received Import Request.
  Time since last request: 47.705732 seconds.
  path: Assets/VFXShaderGraph/MagicLibrary.vfx
  artifactKey: Guid(27e3b5cfb3cde03419f7695e6c3fe136) Importer(815301076,1909f56bfc062723c751e8b465ee728b)
Start importing Assets/VFXShaderGraph/MagicLibrary.vfx using Guid(27e3b5cfb3cde03419f7695e6c3fe136) Importer(815301076,1909f56bfc062723c751e8b465ee728b)  -> (artifact id: '1cf2e063e25ef4a7cbddfd421c666ca2') in 0.002731 seconds
Number of updated asset objects reloaded before import = 0
Number of asset objects unloaded after import = 6
========================================================================
Received Import Request.
  Time since last request: 13.245556 seconds.
  path: Assets/VFXShaderGraph/MagicLibrary.vfx
  artifactKey: Guid(27e3b5cfb3cde03419f7695e6c3fe136) Importer(815301076,1909f56bfc062723c751e8b465ee728b)
Start importing Assets/VFXShaderGraph/MagicLibrary.vfx using Guid(27e3b5cfb3cde03419f7695e6c3fe136) Importer(815301076,1909f56bfc062723c751e8b465ee728b)  -> (artifact id: '291b06d5faa85755b04997fbbe640267') in 0.002570 seconds
Number of updated asset objects reloaded before import = 0
Number of asset objects unloaded after import = 5
========================================================================
Received Import Request.
  Time since last request: 11.898466 seconds.
  path: Assets/Default.asset
  artifactKey: Guid(16c5019a3559bc643b719936a8129c28) Importer(2089858483,0ecaa5967403d082aa24f35e1b516d23)
Start importing Assets/Default.asset using Guid(16c5019a3559bc643b719936a8129c28) Importer(2089858483,0ecaa5967403d082aa24f35e1b516d23) Generated GUIDs only implemented for interfaces!
 -> (artifact id: 'c5d361d2d04217db925f3d6b3821aeaa') in 0.118947 seconds
Number of updated asset objects reloaded before import = 0
Number of asset objects unloaded after import = 1
========================================================================
Received Import Request.
  Time since last request: 0.000017 seconds.
  path: Assets/Models/book.fbx
  artifactKey: Guid(2d19d864364515549bb9df4683ece21b) Importer(2089858483,0ecaa5967403d082aa24f35e1b516d23)
Start importing Assets/Models/book.fbx using Guid(2d19d864364515549bb9df4683ece21b) Importer(2089858483,0ecaa5967403d082aa24f35e1b516d23) Generated GUIDs only implemented for interfaces!
 -> (artifact id: 'a2d29e47bb78fd27acc05fe0cb09e1b5') in 0.127790 seconds
Number of updated asset objects reloaded before import = 0
Number of asset objects unloaded after import = 16
========================================================================
Received Import Request.
  Time since last request: 0.000021 seconds.
  path: Assets/Settings/HDRP High Fidelity.asset
  artifactKey: Guid(36dd385e759c96147b6463dcd1149c11) Importer(2089858483,0ecaa5967403d082aa24f35e1b516d23)
Start importing Assets/Settings/HDRP High Fidelity.asset using Guid(36dd385e759c96147b6463dcd1149c11) Importer(2089858483,0ecaa5967403d082aa24f35e1b516d23) Generated GUIDs only implemented for interfaces!
 -> (artifact id: 'ea274f9a2e11fde51856506be347c057') in 0.090003 seconds
Number of updated asset objects reloaded before import = 0
Number of asset objects unloaded after import = 1
========================================================================
Received Import Request.
  Time since last request: 0.000025 seconds.
  path: Assets/Settings/HDRP Performant.asset
  artifactKey: Guid(168a2336534e4e043b2a210b6f8d379a) Importer(2089858483,0ecaa5967403d082aa24f35e1b516d23)
Start importing Assets/Settings/HDRP Performant.asset using Guid(168a2336534e4e043b2a210b6f8d379a) Importer(2089858483,0ecaa5967403d082aa24f35e1b516d23) Generated GUIDs only implemented for interfaces!
 -> (artifact id: '05b6131fc730a013703b87c2b195b601') in 0.050764 seconds
Number of updated asset objects reloaded before import = 0
Number of asset objects unloaded after import = 1
========================================================================
Received Import Request.
  Time since last request: 0.000015 seconds.
  path: Assets/Settings/HDRPDefaultResources/HDRenderPipelineAsset.asset
  artifactKey: Guid(b9f3086da92434da0bc1518f19f0ce86) Importer(2089858483,0ecaa5967403d082aa24f35e1b516d23)
Start importing Assets/Settings/HDRPDefaultResources/HDRenderPipelineAsset.asset using Guid(b9f3086da92434da0bc1518f19f0ce86) Importer(2089858483,0ecaa5967403d082aa24f35e1b516d23) Generated GUIDs only implemented for interfaces!
 -> (artifact id: 'a574682f5396ff1c15b6afe6eedf4a62') in 0.049920 seconds
Number of updated asset objects reloaded before import = 0
Number of asset objects unloaded after import = 1
========================================================================
Received Import Request.
  Time since last request: 0.000016 seconds.
  path: Assets/Materials/BookOutside.mat
  artifactKey: Guid(31530d574220ac94192f48aeee1ed9e1) Importer(2089858483,0ecaa5967403d082aa24f35e1b516d23)
Start importing Assets/Materials/BookOutside.mat using Guid(31530d574220ac94192f48aeee1ed9e1) Importer(2089858483,0ecaa5967403d082aa24f35e1b516d23) Generated GUIDs only implemented for interfaces!
 -> (artifact id: '1449a4b013ccb3aa0203b7f5705dc06c') in 0.013002 seconds
Number of updated asset objects reloaded before import = 0
Number of asset objects unloaded after import = 2
========================================================================
Received Import Request.
  Time since last request: 0.000013 seconds.
  path: Assets/TutorialInfo/Icons/Help_Icon.png
  artifactKey: Guid(9266273b8f123004195741f969177dda) Importer(2089858483,0ecaa5967403d082aa24f35e1b516d23)
Start importing Assets/TutorialInfo/Icons/Help_Icon.png using Guid(9266273b8f123004195741f969177dda) Importer(2089858483,0ecaa5967403d082aa24f35e1b516d23) Generated GUIDs only implemented for interfaces!
 -> (artifact id: 'afa2381c6bf9c6a3ed8fc4fa23b67d4c') in 0.076690 seconds
Number of updated asset objects reloaded before import = 0
Number of asset objects unloaded after import = 1
========================================================================
Received Import Request.
  Time since last request: 0.000022 seconds.
  path: Assets/TutorialInfo/Scripts/Readme.cs
  artifactKey: Guid(fcf7219bab7fe46a1ad266029b2fee19) Importer(2089858483,0ecaa5967403d082aa24f35e1b516d23)
Start importing Assets/TutorialInfo/Scripts/Readme.cs using Guid(fcf7219bab7fe46a1ad266029b2fee19) Importer(2089858483,0ecaa5967403d082aa24f35e1b516d23) Generated GUIDs only implemented for interfaces!
 -> (artifact id: '79d7e4997f29b9f6c3bcad64c385d7f3') in 0.005509 seconds
Number of updated asset objects reloaded before import = 0
Number of asset objects unloaded after import = 1
========================================================================
Received Prepare
Refreshing native plugins compatible for Editor in 3.62 ms, found 3 plugins.
Preloading 0 native plugins for Editor in 0.00 ms.
Unloading 22 Unused Serialized files (Serialized files now loaded: 0)
Unloading 22 unused Assets / (3.5 MB). Loaded Objects now: 6668.
Memory consumption went from 157.6 MB to 154.0 MB.
Total: 7.531600 ms (FindLiveObjects: 0.791300 ms CreateObjectMapping: 0.345400 ms MarkObjects: 5.886300 ms  DeleteObjects: 0.507600 ms)

Prepare: number of updated asset objects reloaded= 0
AssetImportParameters requested are different than current active one (requested -> active):
  custom:container-demuxer-ogg: 62fdf1f143b41e24485cea50d1cbac27 -> 
  custom:video-decoder-ogg-theora: a1e56fd34408186e4bbccfd4996cb3dc -> 
  custom:framework-win-MediaFoundation: 216162199b28c13a410421893ffa2e32 -> 
  custom:container-demuxer-webm: 4f35f7cbe854078d1ac9338744f61a02 -> 
  custom:container-muxer-webm: aa71ff27fc2769a1b78a27578f13a17b -> 
  custom:video-decoder-webm-vp8: 9c59270c3fd7afecdb556c50c9e8de78 -> 
  custom:SearchIndexIgnoredProperties: e643bd26f0fe6173181afceb89e7c659 -> 
  custom:AudioImporter_EditorPlatform: d09bf68614088b80899f8185d706f6e7 -> 
  custom:video-encoder-webm-vp8: eb34c28f22e8b96e1ab97ce403110664 -> 
  custom:audio-decoder-ogg-vorbis: bf7c407c2cedff20999df2af8eb42d56 -> 
  custom:audio-encoder-webm-vorbis: bf7c407c2cedff20999df2af8eb42d56 -> 
Editor requested this worker to shutdown with reason: Scaling down because of idle timeout
TcpMessagingSession - receive error: operation aborted. errorcode: 995, details: 因為執行緒結束或應用程式要求，所以已中止 I/O 操作。
AssetImportWorker is now disconnected from the server
Process exiting
Exiting without the bug reporter. Application will terminate with return code 0